
=== Run 1 of 12 — Sat Mar 14 08:13:30 EDT 2026 ===
Loaded 510 image entries from image-config.json
Output: /home/esltdo/projects/pool-cleaner-template/astro-local-business-v2/src/assets/images/photos
Attribution: /home/esltdo/projects/pool-cleaner-template/astro-local-business-v2/ATTRIBUTION.md

  [1/510] SKIP (exists): 3d-illustration-of-a-relaxing-indoor-pool-area-with-lounge-c.jpg
  [2/510] SKIP (exists): a-clear-blue-swimming-pool-with-water-ripples.jpg
  [3/510] SKIP (exists): a-hand-holding-a-pool-test-kit-above-clear-blue-pool-water.jpg
  [4/510] SKIP (exists): a-hand-holding-a-pool-water-test-strip-above-a-swimming-pool.jpg
  [5/510] SKIP (exists): a-person-in-a-swimsuit-standing-by-a-lush-green-garden-and-a.jpg
  [6/510] SKIP (exists): a-pool-cleaning-brush-scrubbing-the-floor-of-a-swimming-pool.jpg
  [7/510] SKIP (exists): a-pool-pump-hose-connected-to-a-swimming-pool.jpg
  [8/510] SKIP (exists): a-professional-cleaner-in-uniform-using-a-pool-vacuum-machin.jpg
  [9/510] SKIP (exists): a-professional-cleaner-in-uniform-using-a-pool-vacuum-machin.jpg
  [10/510] SKIP (exists): a-realistic-illustration-of-a-striped-beach-chair-and-a-blue.jpg
  [11/510] SKIP (exists): a-striped-deck-chair-and-a-blue-and-white-beach-ball-on-a-wh.jpg
  [12/510] SKIP (exists): a-swimming-pool-background-with-water-and-pool-equipment.jpg
  [13/510] Searching: A worker in red uniform kneeling by a pool with toolboxes an...
  [13/510] FAIL: No results for 'A worker in red uniform kneeling by a po...'
  [14/510] SKIP (exists): abstract-dark-geometric-background-with-subtle-pool-equipmen.jpg
  [15/510] SKIP (exists): abstract-dark-pool-background.jpg
  [16/510] SKIP (exists): abstract-dark-pool-equipment-background.jpg
  [17/510] SKIP (exists): abstract-pool-water-background-with-blue-tones.jpg
  [18/510] SKIP (exists): abstract-pool-water-background-with-bubbles-and-pool-edge.jpg
  [19/510] SKIP (exists): abstract-pool-water-with-bubbles-and-pool-edge.jpg
  [20/510] SKIP (exists): abstract-purple-and-yellow-shapes-on-a-textured-background.jpg
  [21/510] SKIP (exists): abstract-purple-desk-illustration.jpg
  [22/510] SKIP (exists): abstract-purple-grass-illustration.jpg
  [23/510] SKIP (exists): aerial-view-of-a-clean-blue-swimming-pool.jpg
  [24/510] Searching: Ameritech floating debris pool accessory...
  [24/510] FAIL: No results for 'Ameritech floating debris pool accessory...'
  [25/510] Searching: Ameritech floating debris product image...
  [25/510] FAIL: No results for 'Ameritech floating debris product image...'
  [26/510] SKIP (exists): automated-pool-cleaner-product-image.jpg
  [27/510] SKIP (exists): automated-pool-cleaner-device-with-blue-and-white-body-and-a.jpg
  [28/510] SKIP (exists): automatic-filter-clean-product-image.jpg
  [29/510] SKIP (exists): automatic-filter-clean-pool-device.jpg
  [30/510] SKIP (exists): automatic-pool-vacuum-cleaner-with-blue-hose-in-a-backyard-p.jpg
  [31/510] SKIP (exists): background-image-of-a-person-cleaning-a-pool-with-a-net-blue.jpg
  [32/510] SKIP (exists): background-image-of-a-swimming-pool-with-bubbles.jpg
  [33/510] SKIP (exists): background-image-of-a-swimming-pool-with-water-and-pool-net.jpg
  [34/510] SKIP (exists): background-image-of-pool-cleaning-in-blue-tones.jpg
  [35/510] SKIP (exists): background-image-showing-a-swimming-pool-with-bubbles-and-po.jpg
  [36/510] SKIP (exists): background-image-showing-a-swimming-pool-with-water-and-pool.jpg
  [37/510] SKIP (exists): barista-standing-behind-a-counter-with-a-cup-of-coffee.jpg
  [38/510] Searching: Blue pool background with bubbles and pool edge...
  [38/510] FAIL: No results for 'Blue pool background with bubbles and po...'
  [39/510] SKIP (exists): blue-pool-net-partially-visible.jpg
  [40/510] SKIP (exists): blue-pool-net-skimmer-on-a-pole-being-used-to-clean-debris-f.jpg
  [41/510] SKIP (exists): blue-pool-water-background-with-bubbles-and-pool-edge.jpg
  [42/510] SKIP (exists): blue-pool-water-background-with-floating-bubbles-and-pool-ed.jpg
  [43/510] SKIP (exists): blue-pool-water-with-bubbles-and-pool-edge.jpg
  [44/510] SKIP (exists): blue-pool-water-with-floating-bubbles-and-pool-edge.jpg
  [45/510] SKIP (exists): blurred-pool-equipment-background.jpg
  [46/510] SKIP (exists): blurred-pool-water-background.jpg
  [47/510] SKIP (exists): blurred-swimming-pool-background-with-pool-edge-and-water-bu.jpg
  [48/510] SKIP (exists): blurred-swimming-pool-background-with-pool-net-and-water-bub.jpg
  [49/510] SKIP (exists): blurred-vertical-stripes-in-blue-gray-tan-and-red-tones.jpg
  [50/510] SKIP (exists): books-on-shelf.jpg
  [51/510] Searching: Bouncers Water bird product image...
  [51/510] FAIL: No results for 'Bouncers Water bird product image...'
  [52/510] Searching: Bouncers water bird pool float...
  [52/510] FAIL: No results for 'Bouncers water bird pool float...'
  [53/510] SKIP (exists): brand-logo-with-stylized-text.jpg
  [54/510] SKIP (exists): bright-blue-swimming-pool-water-with-sunlight-reflections.jpg
  [55/510] SKIP (exists): bubble.jpg
  [56/510] Searching: Bubble floating in hero background...
  [56/510] FAIL: No results for 'Bubble floating in hero background...'
  [57/510] SKIP (exists): bubble-floating-in-water.jpg
  [58/510] SKIP (exists): calendar-art.jpg
  [59/510] Searching: Capital Power company logo in grayscale...
  [59/510] FAIL: No results for 'Capital Power company logo in grayscale...'
  [60/510] Searching: Capital Power logo in grayscale...
  [60/510] FAIL: No results for 'Capital Power logo in grayscale...'
  [61/510] Searching: Cartoon illustration of a person holding a net, positioned a...
  [61/510] FAIL: No results for 'Cartoon illustration of a person holding...'
  [62/510] Searching: Charlie William, Pool Technician...
  [62/510] FAIL: No results for 'Charlie William, Pool Technician...'
  [63/510] Searching: Charlie William, pool technician in blue shirt and cap...
  [63/510] FAIL: No results for 'Charlie William, pool technician in blue...'
  [64/510] SKIP (exists): child-in-blue-swim-cap-and-goggles-smiling-by-the-pool.jpg
  [65/510] SKIP (exists): child-swimming-in-a-pool-with-buildings-in-the-background.jpg
  [66/510] SKIP (exists): child-swimming-underwater-with-goggles.jpg
  [67/510] SKIP (exists): child-with-red-swim-cap-smiling-in-a-pool.jpg
  [68/510] SKIP (exists): children-jumping-into-a-clean-swimming-pool-with-clear-blue-.jpg
  [69/510] SKIP (exists): children-learning-to-swim-at-the-poolside.jpg
  [70/510] SKIP (exists): children-swimming-in-a-pool-with-an-instructor.jpg
  [71/510] SKIP (exists): clean-blue-swimming-pool-with-metal-ladder.jpg
  [72/510] Searching: Clean swimming pool with visible steps, pool hose, and pool ...
  [72/510] FAIL: No results for 'Clean swimming pool with visible steps, ...'
  [73/510] SKIP (exists): cleaning-skimmer-plastic-product-image.jpg
  [74/510] SKIP (exists): cleaning-toothbrush-product-image.jpg
  [75/510] SKIP (exists): cleaning-icon-hand-with-cleaning-brush.jpg
  [76/510] SKIP (exists): cleaning-skimmer-plastic-pool-tool.jpg
  [77/510] SKIP (exists): cleaning-supplies-sponges-and-spray-bottle-on-blue-backgroun.jpg
  [78/510] SKIP (exists): clock-1.jpg
  [79/510] SKIP (exists): clock-2.jpg
  [80/510] SKIP (exists): clock-3.jpg
  [81/510] SKIP (exists): close-up-of-a-blue-pool-skimmer-basket-floating-in-clear-blu.jpg
  [82/510] SKIP (exists): close-up-of-a-bubbling-hot-tub-with-water-jets-and-a-water-s.jpg
  [83/510] SKIP (exists): close-up-of-a-clean-blue-swimming-pool-with-metal-ladder.jpg
  [84/510] SKIP (exists): close-up-of-a-clean-swimming-pool-with-clear-water-and-blue-.jpg
  [85/510] SKIP (exists): close-up-of-a-person-cleaning-a-swimming-pool-with-a-net-blu.jpg
  [86/510] SKIP (exists): close-up-of-a-pool-brush-cleaning-the-tile-surface-of-a-swim.jpg
  [87/510] SKIP (exists): close-up-of-a-pool-cleaning-net-in-a-blue-swimming-pool.jpg
  [88/510] Searching: Close-up of a pool filter system next to a clear blue swimmi...
  [88/510] FAIL: No results for 'Close-up of a pool filter system next to...'
  [89/510] SKIP (exists): close-up-of-a-pool-vacuum-cleaner-head-on-a-blue-tile-pool-f.jpg
  [90/510] SKIP (exists): close-up-of-a-sparkling-clean-pool-edge-with-blue-water.jpg
  [91/510] SKIP (exists): close-up-of-a-stainless-steel-pool-ladder-by-a-poolside-with.jpg
  [92/510] SKIP (exists): close-up-of-clear-blue-pool-water-with-gentle-ripples.jpg
  [93/510] SKIP (exists): close-up-of-hands-testing-pool-water-with-a-kit.jpg
  [94/510] SKIP (exists): close-up-of-pool-chemistry-equipment-by-a-pool.jpg
  [95/510] SKIP (exists): close-up-of-pool-ladder-and-clear-blue-water.jpg
  [96/510] SKIP (exists): close-up-of-pool-ladder-and-water.jpg
  [97/510] SKIP (exists): close-up-of-pool-vacuum-cleaning-pool-tiles-and-floor.jpg
  [98/510] SKIP (exists): closeup-of-pool-chemistry-equipment.jpg
  [99/510] SKIP (exists): colorful-collaboration-icons.jpg
  [100/510] SKIP (exists): company-logo.jpg
  [101/510] SKIP (exists): company-logo-with-stylized-text.jpg
  [102/510] Searching: Consultation icon: outline of a person with a chart...
  [102/510] Downloading: consultation-icon-outline-of-a-person-with-a-chart.jpg (by Henrique Silva)
  [103/510] Searching: Cropped illustration of a beach chair with blue stripes...
  [103/510] Downloading: cropped-illustration-of-a-beach-chair-with-blue-stripes.jpg (by Catherine Hart)
  [104/510] Searching: Curved pool ladder on a sunny pool deck with blue water...
  [104/510] Downloading: curved-pool-ladder-on-a-sunny-pool-deck-with-blue-water.jpg (by Ryan Waldman)
  [105/510] Searching: Curved pool with robotic cleaner and blue accent shapes...
  [105/510] Downloading: curved-pool-with-robotic-cleaner-and-blue-accent-shapes.jpg (by Aleksandr Sobolev)
  [106/510] Searching: Cámara Cantabria logo...
  [106/510] FAIL: No results for 'Cámara Cantabria logo...'
  [107/510] Searching: Daniel Thomas, Pool Technician...
  [107/510] FAIL: No results for 'Daniel Thomas, Pool Technician...'
  [108/510] Searching: Daniel Thomas, smiling pool technician in white shirt and ca...
  [108/510] Downloading: daniel-thomas-smiling-pool-technician-in-white-shirt-and-cap.jpg (by wes lewis)
  [109/510] Searching: Deck chair illustration with blue stripes...
  [109/510] Downloading: deck-chair-illustration-with-blue-stripes.jpg (by Logan Voss)
  [110/510] Searching: Decorative abstract lines...
  [110/510] Downloading: decorative-abstract-lines.jpg (by 𝕡𝕒𝕨𝕤 𝕒𝕟𝕕 𝕡𝕣𝕚𝕟𝕥𝕤)
  [111/510] Searching: Decorative bubbles background...
  [111/510] Downloading: decorative-bubbles-background.jpg (by Logan Voss)
  [112/510] Searching: Dolphin Pool Cleaner product image...
  [112/510] Downloading: dolphin-pool-cleaner-product-image.jpg (by Leopold Romanowski)
  [113/510] Searching: Dustpan Mop Broom Tool product image...
  [113/510] Downloading: dustpan-mop-broom-tool-product-image.jpg (by notorious v1ruS)
  [114/510] Searching: Editas Medicine company logo in grayscale...
  [114/510] FAIL: No results for 'Editas Medicine company logo in grayscal...'
  [115/510] Searching: Editas Medicine logo in grayscale...
  [115/510] Downloading: editas-medicine-logo-in-grayscale.jpg (by George Pagan III)
  [116/510] Searching: Emanuel Maclin, Pool Technician...
  [116/510] FAIL: No results for 'Emanuel Maclin, Pool Technician...'
  [117/510] Searching: Emanuel Maclin, pool technician in blue shirt and cap...
  [117/510] Downloading: emanuel-maclin-pool-technician-in-blue-shirt-and-cap.jpg (by Taha)
  [118/510] Searching: Emanuel Maclin, smiling pool technician in cap by pool...
  [118/510] FAIL: No results for 'Emanuel Maclin, smiling pool technician ...'
  [119/510] Searching: Empty shopping basket illustration...
  [119/510] Downloading: empty-shopping-basket-illustration.jpg (by Fujiphilm)
  [120/510] Searching: Empty swimming pool with blue water and a yellow lane divide...
  [120/510] Downloading: empty-swimming-pool-with-blue-water-and-a-yellow-lane-divide.jpg (by Ian)
  [121/510] Searching: Envelope with phone icon, representing contact...
  [121/510] Downloading: envelope-with-phone-icon-representing-contact.jpg (by visuals)
  [122/510] Searching: Female pool technician in blue uniform holding a squeegee, s...
  [122/510] Downloading: female-pool-technician-in-blue-uniform-holding-a-squeegee-sm.jpg (by Mineragua Sparkling Water)
  [123/510] Searching: Female pool technician in white shirt and blue headband hold...
  [123/510] Downloading: female-pool-technician-in-white-shirt-and-blue-headband-hold.jpg (by Fotos)
  [124/510] Searching: Filling a swimming pool with a hose...
  [124/510] Downloading: filling-a-swimming-pool-with-a-hose.jpg (by Sierra McCreary)
  [125/510] Searching: Floating chlorine dispenser in a blue above-ground pool...
  [125/510] FAIL: No results for 'Floating chlorine dispenser in a blue ab...'
  [126/510] Searching: Founder signature...
  [126/510] Downloading: founder-signature.jpg (by Nagatoshi Shimamura)
  [127/510] Searching: Framed art...
  [127/510] Downloading: framed-art.jpg (by Kristyna Squared.one)
  [128/510] Searching: Girl with goggles and inflatable duck float, drinking from a...
  [128/510] Downloading: girl-with-goggles-and-inflatable-duck-float-drinking-from-a-.jpg (by Vivek Doshi)
  [129/510] Searching: Google logo...
  [129/510] Downloading: google-logo.jpg (by BoliviaInteligente)
  [130/510] Searching: Hand adding chemical to a swimming pool...
  [130/510] Downloading: hand-adding-chemical-to-a-swimming-pool.jpg (by Fakhri Labib)
  [131/510] Searching: Hand adding chemical to swimming pool water...
  [131/510] Downloading: hand-adding-chemical-to-swimming-pool-water.jpg (by Fakhri Labib)
  [132/510] Searching: Hand adding pool chemical to blue swimming pool water...
  [132/510] Downloading: hand-adding-pool-chemical-to-blue-swimming-pool-water.jpg (by Max)
  [133/510] Searching: Hand holding a phone displaying a LinkedIn profile with Open...
  [133/510] Downloading: hand-holding-a-phone-displaying-a-linkedin-profile-with-open.jpg (by Sayan Majhi)
  [134/510] Searching: Hand holding a pool test strip above a blue pool with pool e...
  [134/510] FAIL: No results for 'Hand holding a pool test strip above a b...'
  [135/510] Searching: Hand holding a test strip above pool water for chemical test...
  [135/510] Downloading: hand-holding-a-test-strip-above-pool-water-for-chemical-test.jpg (by Joseph Kellner)
  [136/510] Searching: Hand holding a test strip above pool water to check chemical...
  [136/510] Downloading: hand-holding-a-test-strip-above-pool-water-to-check-chemical.jpg (by Ihor Malytskyi)
  [137/510] Searching: Hand holding a test strip over pool water...
  [137/510] Downloading: hand-holding-a-test-strip-over-pool-water.jpg (by Hector Falcon)
  [138/510] Searching: Hand holding pool test kit above blue water...
  [138/510] Downloading: hand-holding-pool-test-kit-above-blue-water.jpg (by Nick Wright)
  [139/510] Searching: Hand installing a pool skimmer in a blue above-ground pool...
  [139/510] Downloading: hand-installing-a-pool-skimmer-in-a-blue-above-ground-pool.jpg (by Shelbey Hunt)
  [140/510] Searching: Hand installing a skimmer in a blue above-ground pool...
  [140/510] Downloading: hand-installing-a-skimmer-in-a-blue-above-ground-pool.jpg (by YAW ANSU-KYEREMEH)
  [141/510] Searching: Hand performing water analysis in a pool...
  [141/510] Downloading: hand-performing-water-analysis-in-a-pool.jpg (by Hector Falcon)
  [142/510] Searching: Hand placing a blue water analysis device in a pool...
  [142/510] Downloading: hand-placing-a-blue-water-analysis-device-in-a-pool.jpg (by Zhiqiang Wang)
  [143/510] Searching: Hand pouring pool chemical from a bottle into the pool water...
  [143/510] FAIL: No results for 'Hand pouring pool chemical from a bottle...'
  [144/510] Searching: Hand pouring pool chemicals into a swimming pool...
  [144/510] Downloading: hand-pouring-pool-chemicals-into-a-swimming-pool.jpg (by Fakhri Labib)
  [145/510] Searching: Hand pouring pool chemicals into swimming pool...
  [145/510] Downloading: hand-pouring-pool-chemicals-into-swimming-pool.jpg (by Fakhri Labib)
  [146/510] Searching: Hand using a blue net skimmer to clean leaves from a pool...
  [146/510] Downloading: hand-using-a-blue-net-skimmer-to-clean-leaves-from-a-pool.jpg (by Hector Falcon)
  API error 403: Forbidden
  API error 403: Forbidden
  API error 403: Forbidden
  API error 403: Forbidden
  API error 403: Forbidden
  API error 403: Forbidden
  API error 403: Forbidden
  API error 403: Forbidden
  API error 403: Forbidden
  API error 403: Forbidden
  API error 403: Forbidden
  API error 403: Forbidden
  API error 403: Forbidden
  API error 403: Forbidden
  API error 403: Forbidden
  API error 403: Forbidden
  API error 403: Forbidden
  API error 403: Forbidden
  API error 403: Forbidden
  API error 403: Forbidden
  API error 403: Forbidden
  API error 403: Forbidden
  API error 403: Forbidden
  API error 403: Forbidden
  API error 403: Forbidden
  API error 403: Forbidden
  API error 403: Forbidden
  API error 403: Forbidden
  API error 403: Forbidden
  API error 403: Forbidden
  API error 403: Forbidden
  API error 403: Forbidden
  API error 403: Forbidden
  API error 403: Forbidden
  API error 403: Forbidden
  API error 403: Forbidden
  API error 403: Forbidden
  API error 403: Forbidden
  API error 403: Forbidden
  API error 403: Forbidden
  API error 403: Forbidden
  API error 403: Forbidden
  API error 403: Forbidden
  API error 403: Forbidden
  API error 403: Forbidden
  API error 403: Forbidden
  API error 403: Forbidden
  API error 403: Forbidden
  API error 403: Forbidden
  API error 403: Forbidden
  API error 403: Forbidden
  [147/510] Searching: Hand using a pool net to clean a blue swimming pool...
  [147/510] Downloading: hand-using-a-pool-net-to-clean-a-blue-swimming-pool.jpg (by Zhiqiang Wang)
  [148/510] Searching: Hand using a test strip to check pool water quality...
  [148/510] Downloading: hand-using-a-test-strip-to-check-pool-water-quality.jpg (by Hector Falcon)
  [149/510] Searching: Hand using pool water analysis kit...
  [149/510] Downloading: hand-using-pool-water-analysis-kit.jpg (by Aiper Pool Cleaner)
  [150/510] Searching: Handwritten signature...
  [150/510] Downloading: handwritten-signature.jpg (by Bermix Studio)
  [151/510] Searching: How To Winterize Your Home Swimming thumbnail...
  [151/510] Downloading: how-to-winterize-your-home-swimming-thumbnail.jpg (by Evan Chen)
  [152/510] Searching: How to Revamp Your Pool Area...
  [152/510] FAIL: No results for 'How to Revamp Your Pool Area...'
  [153/510] Searching: How to Revamp Your Pool Area post image...
  [153/510] FAIL: No results for 'How to Revamp Your Pool Area post image...'
  [154/510] Searching: How to Revamp Your Pool Area post thumbnail...
  [154/510] FAIL: No results for 'How to Revamp Your Pool Area post thumbn...'
  [155/510] Searching: How to Revamp Your Pool Area thumbnail...
  [155/510] FAIL: No results for 'How to Revamp Your Pool Area thumbnail...'
  [156/510] Searching: Illustration of a person holding a pool net...
  [156/510] FAIL: No results for 'Illustration of a person holding a pool ...'
  [157/510] Searching: Illustration of a person holding a rope...
  [157/510] FAIL: No results for 'Illustration of a person holding a rope...'
  [158/510] Searching: Illustration of a person holding a rope, standing on a pool ...
  [158/510] FAIL: No results for 'Illustration of a person holding a rope,...'
  [159/510] Searching: Illustration of a person standing with a paddle...
  [159/510] FAIL: No results for 'Illustration of a person standing with a...'
  [160/510] Searching: Illustration of a person standing with an oar...
  [160/510] FAIL: No results for 'Illustration of a person standing with a...'
  [161/510] Searching: Illustration of a person swimming in a pool...
  [161/510] FAIL: No results for 'Illustration of a person swimming in a p...'
  [162/510] Searching: Illustration of a person with a snorkel and rope...
  [162/510] FAIL: No results for 'Illustration of a person with a snorkel ...'
  [163/510] Searching: Illustration of a pool technician holding a test kit...
  [163/510] FAIL: No results for 'Illustration of a pool technician holdin...'
  [164/510] Searching: Illustration of a swimmer in a pool...
  [164/510] FAIL: No results for 'Illustration of a swimmer in a pool...'
  [165/510] Searching: Illustration of a swimming instructor teaching a child in a ...
  [165/510] FAIL: No results for 'Illustration of a swimming instructor te...'
  [166/510] Searching: Illustration of people gathering in front of city buildings...
  [166/510] FAIL: No results for 'Illustration of people gathering in fron...'
  [167/510] Searching: Indoor swimming pool with lounge chairs and large windows...
  [167/510] FAIL: No results for 'Indoor swimming pool with lounge chairs ...'
  [168/510] Searching: Infinity pool overlooking a scenic landscape...
  [168/510] FAIL: No results for 'Infinity pool overlooking a scenic lands...'
  [169/510] Searching: Infinity pool overlooking mountains...
  [169/510] FAIL: No results for 'Infinity pool overlooking mountains...'
  [170/510] Searching: Infinity pool overlooking the ocean...
  [170/510] FAIL: No results for 'Infinity pool overlooking the ocean...'
  [171/510] Searching: Infinity pool overlooking the sea with mountains in the back...
  [171/510] FAIL: No results for 'Infinity pool overlooking the sea with m...'
  [172/510] Searching: Jonson Anderson, Pool Technician...
  [172/510] FAIL: No results for 'Jonson Anderson, Pool Technician...'
  [173/510] Searching: Jonson Anderson, pool technician in apron and gloves holding...
  [173/510] FAIL: No results for 'Jonson Anderson, pool technician in apro...'
  [174/510] Searching: Jonson Anderson, smiling pool technician in white shirt and ...
  [174/510] FAIL: No results for 'Jonson Anderson, smiling pool technician...'
  [175/510] Searching: Large framed art...
  [175/510] FAIL: No results for 'Large framed art...'
  [176/510] Searching: Left side photo with outdoor scene...
  [176/510] FAIL: No results for 'Left side photo with outdoor scene...'
  [177/510] Searching: LinkedIn icon...
  [177/510] FAIL: No results for 'LinkedIn icon...'
  [178/510] Searching: LinkedIn logo...
  [178/510] FAIL: No results for 'LinkedIn logo...'
  [179/510] Searching: LinkedIn logo with blue 'in' icon...
  [179/510] FAIL: No results for 'LinkedIn logo with blue 'in' icon...'
  [180/510] Searching: Lush green grass, representing lawn care service...
  [180/510] FAIL: No results for 'Lush green grass, representing lawn care...'
  [181/510] Searching: Luxury swimming pool with palm trees and lounge chairs...
  [181/510] FAIL: No results for 'Luxury swimming pool with palm trees and...'
  [182/510] Searching: Male pool technician in blue apron and gloves holding cleani...
  [182/510] FAIL: No results for 'Male pool technician in blue apron and g...'
  [183/510] Searching: Man cleaning a pool with trees and umbrellas in the backgrou...
  [183/510] FAIL: No results for 'Man cleaning a pool with trees and umbre...'
  [184/510] Searching: Man cleaning a swimming pool with a net, standing by the poo...
  [184/510] FAIL: No results for 'Man cleaning a swimming pool with a net,...'
  [185/510] Searching: Man in blue shirt and khaki shorts cleaning a pool with a lo...
  [185/510] FAIL: No results for 'Man in blue shirt and khaki shorts clean...'
  [186/510] Searching: Man in blue shirt and khaki shorts cleaning a pool with a lo...
  [186/510] FAIL: No results for 'Man in blue shirt and khaki shorts clean...'
  [187/510] Searching: Man in blue shirt and khaki shorts cleaning a pool with a te...
  [187/510] FAIL: No results for 'Man in blue shirt and khaki shorts clean...'
  [188/510] Searching: Man in blue swim cap and goggles sitting on pool edge cleani...
  [188/510] FAIL: No results for 'Man in blue swim cap and goggles sitting...'
  [189/510] Searching: Man in swim cap and goggles sitting on pool edge cleaning th...
  [189/510] FAIL: No results for 'Man in swim cap and goggles sitting on p...'
  [190/510] Searching: Man testing pool water with kit...
  [190/510] FAIL: No results for 'Man testing pool water with kit...'
  [191/510] Searching: Man testing pool water with kit by poolside...
  [191/510] FAIL: No results for 'Man testing pool water with kit by pools...'
  [192/510] Searching: Manual pool vacuum with blue hose cleaning the bottom of a p...
  [192/510] FAIL: No results for 'Manual pool vacuum with blue hose cleani...'
  [193/510] Searching: Medical professional smiling in scrubs...
  [193/510] FAIL: No results for 'Medical professional smiling in scrubs...'
  [194/510] Searching: Microfiber Pillow towel product image...
  [194/510] FAIL: No results for 'Microfiber Pillow towel product image...'
  [195/510] Searching: Microsoft Teams logo...
  [195/510] FAIL: No results for 'Microsoft Teams logo...'
  [196/510] Searching: Microsoft Teams video call and chat UI illustration with ava...
  [196/510] FAIL: No results for 'Microsoft Teams video call and chat UI i...'
  [197/510] Searching: Modern pool at night with blue lighting...
  [197/510] FAIL: No results for 'Modern pool at night with blue lighting...'
  [198/510] Searching: Monitor with diagram...
  [198/510] FAIL: No results for 'Monitor with diagram...'
  [199/510] Searching: Mop Cleaning bucket product image...
  [199/510] FAIL: No results for 'Mop Cleaning bucket product image...'
  [200/510] Searching: Next post thumbnail...
  [200/510] FAIL: No results for 'Next post thumbnail...'
  [201/510] Searching: Office workspace illustration banner with diverse people col...
  [201/510] FAIL: No results for 'Office workspace illustration banner wit...'
  [202/510] Searching: Paper and file icons...
  [202/510] FAIL: No results for 'Paper and file icons...'
  API error 403: Forbidden
  API error 403: Forbidden
  API error 403: Forbidden
  API error 403: Forbidden
  API error 403: Forbidden
  API error 403: Forbidden
  API error 403: Forbidden
  API error 403: Forbidden
  API error 403: Forbidden
  API error 403: Forbidden
  API error 403: Forbidden
  API error 403: Forbidden
  API error 403: Forbidden
  API error 403: Forbidden
  API error 403: Forbidden
  API error 403: Forbidden
  API error 403: Forbidden
  API error 403: Forbidden
  API error 403: Forbidden
  API error 403: Forbidden
  API error 403: Forbidden
  API error 403: Forbidden
  API error 403: Forbidden
  API error 403: Forbidden
  API error 403: Forbidden
  API error 403: Forbidden
  API error 403: Forbidden
  API error 403: Forbidden
  API error 403: Forbidden
  API error 403: Forbidden
  API error 403: Forbidden
  API error 403: Forbidden
  API error 403: Forbidden
  API error 403: Forbidden
  API error 403: Forbidden
  API error 403: Forbidden
  API error 403: Forbidden
  API error 403: Forbidden
  API error 403: Forbidden
  API error 403: Forbidden
  API error 403: Forbidden
  API error 403: Forbidden
  API error 403: Forbidden
  API error 403: Forbidden
  API error 403: Forbidden
  API error 403: Forbidden
  API error 403: Forbidden
  API error 403: Forbidden
  API error 403: Forbidden
  API error 403: Forbidden
  API error 403: Forbidden
  API error 403: Forbidden
  API error 403: Forbidden
  API error 403: Forbidden
  API error 403: Forbidden
  API error 403: Forbidden
  [203/510] Searching: Partial view of a pool technician in a dark shirt, only left...
  [203/510] FAIL: No results for 'Partial view of a pool technician in a d...'
  [204/510] Searching: Partial view of a third pool technician...
  [204/510] FAIL: No results for 'Partial view of a third pool technician...'
  [205/510] Searching: Person about to jump into a swimming pool on a sunny day...
  [205/510] FAIL: No results for 'Person about to jump into a swimming poo...'
  [206/510] Searching: Person analyzing pool water with a test strip and pool equip...
  [206/510] FAIL: No results for 'Person analyzing pool water with a test ...'
  [207/510] Searching: Person assembling a pool skimmer in a blue above-ground pool...
  [207/510] FAIL: No results for 'Person assembling a pool skimmer in a bl...'
  [208/510] Searching: Person cleaning a pool deck with a brush, green grass in for...
  [208/510] FAIL: No results for 'Person cleaning a pool deck with a brush...'
  [209/510] Searching: Person cleaning a pool deck with a water hose, wearing green...
  [209/510] FAIL: No results for 'Person cleaning a pool deck with a water...'
  [210/510] Searching: Person cleaning a pool with a net, partially visible, with a...
  [210/510] FAIL: No results for 'Person cleaning a pool with a net, parti...'
  [211/510] Searching: Person cleaning a pool with a vacuum and equipment...
  [211/510] FAIL: No results for 'Person cleaning a pool with a vacuum and...'
  [212/510] Searching: Person cleaning a pool with a vacuum and yellow equipment...
  [212/510] FAIL: No results for 'Person cleaning a pool with a vacuum and...'
  [213/510] Searching: Person cleaning a swimming pool with a net skimmer...
  [213/510] FAIL: No results for 'Person cleaning a swimming pool with a n...'
  [214/510] Searching: Person cleaning a swimming pool with a net skimmer and pool ...
  [214/510] FAIL: No results for 'Person cleaning a swimming pool with a n...'
  [215/510] Searching: Person cleaning a swimming pool with a net, clear blue water...
  [215/510] FAIL: No results for 'Person cleaning a swimming pool with a n...'
  [216/510] Searching: Person cleaning a swimming pool with a pool vacuum, close-up...
  [216/510] FAIL: No results for 'Person cleaning a swimming pool with a p...'
  [217/510] Searching: Person cleaning a swimming pool with pool cleaning equipment...
  [217/510] FAIL: No results for 'Person cleaning a swimming pool with poo...'
  [218/510] Searching: Person cleaning pool in winter...
  [218/510] FAIL: No results for 'Person cleaning pool in winter...'
  [219/510] Searching: Person cleaning pool tiles and surface...
  [219/510] FAIL: No results for 'Person cleaning pool tiles and surface...'
  [220/510] Searching: Person cleaning pool tiles at the edge of a pool...
  [220/510] FAIL: No results for 'Person cleaning pool tiles at the edge o...'
  [221/510] Searching: Person cleaning pool tiles with a brush...
  [221/510] FAIL: No results for 'Person cleaning pool tiles with a brush...'
  [222/510] Searching: Person cleaning pool with a net skimmer...
  [222/510] FAIL: No results for 'Person cleaning pool with a net skimmer...'
  [223/510] Searching: Person cleaning the surface of a swimming pool...
  [223/510] FAIL: No results for 'Person cleaning the surface of a swimmin...'
  [224/510] Searching: Person in blue cap working near a pool, partially visible, w...
  [224/510] FAIL: No results for 'Person in blue cap working near a pool, ...'
  [225/510] Searching: Person in green uniform brushing the walls of a swimming poo...
  [225/510] FAIL: No results for 'Person in green uniform brushing the wal...'
  [226/510] Searching: Person in orange shirt using a net to skim leaves from a swi...
  [226/510] FAIL: No results for 'Person in orange shirt using a net to sk...'
  [227/510] Searching: Person in red shorts sitting by a pool, holding a pool clean...
  [227/510] FAIL: No results for 'Person in red shorts sitting by a pool, ...'
  [228/510] Searching: Person kneeling by a pool using a blue pool vacuum cleaner...
  [228/510] FAIL: No results for 'Person kneeling by a pool using a blue p...'
  [229/510] Searching: Person placing a yellow robotic pool cleaner into a pool, st...
  [229/510] FAIL: No results for 'Person placing a yellow robotic pool cle...'
  [230/510] Searching: Person sitting at a desk with a computer and books...
  [230/510] FAIL: No results for 'Person sitting at a desk with a computer...'
  [231/510] Searching: Person skimming a pool with a net, wearing an orange shirt, ...
  [231/510] FAIL: No results for 'Person skimming a pool with a net, weari...'
  [232/510] Searching: Person spraying water to clean the edge of a swimming pool...
  [232/510] FAIL: No results for 'Person spraying water to clean the edge ...'
  [233/510] Searching: Person standing by a pool with a pool net cleaning the water...
  [233/510] FAIL: No results for 'Person standing by a pool with a pool ne...'
  [234/510] Searching: Person swimming in a pool...
  [234/510] FAIL: No results for 'Person swimming in a pool...'
  [235/510] Searching: Person using a pool net to clean a swimming pool, legs visib...
  [235/510] FAIL: No results for 'Person using a pool net to clean a swimm...'
  [236/510] Searching: Person using a pool vacuum cleaner at the edge of a swimming...
  [236/510] FAIL: No results for 'Person using a pool vacuum cleaner at th...'
  [237/510] Searching: Person using a pool vacuum cleaner on pool floor...
  [237/510] FAIL: No results for 'Person using a pool vacuum cleaner on po...'
  [238/510] Searching: Person winterizing pool...
  [238/510] FAIL: No results for 'Person winterizing pool...'
  [239/510] Searching: Person's hands operating a blue pool vacuum cleaner in a spa...
  [239/510] FAIL: No results for 'Person's hands operating a blue pool vac...'
  [240/510] Searching: Photo frame...
  [240/510] FAIL: No results for 'Photo frame...'
  [241/510] Searching: Pie chart art...
  [241/510] FAIL: No results for 'Pie chart art...'
  [242/510] Searching: Pool area being revamped...
  [242/510] FAIL: No results for 'Pool area being revamped...'
  [243/510] Searching: Pool area revamp thumbnail...
  [243/510] FAIL: No results for 'Pool area revamp thumbnail...'
  [244/510] Searching: Pool area with blue water...
  [244/510] FAIL: No results for 'Pool area with blue water...'
  [245/510] Searching: Pool area with blue water and deck...
  [245/510] FAIL: No results for 'Pool area with blue water and deck...'
  [246/510] Searching: Pool area with clear water...
  [246/510] FAIL: No results for 'Pool area with clear water...'
  [247/510] Searching: Pool background with bubbles and pool edge...
  [247/510] FAIL: No results for 'Pool background with bubbles and pool ed...'
  [248/510] Searching: Pool background with bubbles and pool net...
  [248/510] FAIL: No results for 'Pool background with bubbles and pool ne...'
  [249/510] Searching: Pool background with equipment and bubbles...
  [249/510] FAIL: No results for 'Pool background with equipment and bubbl...'
  [250/510] Searching: Pool background with net and bubbles...
  [250/510] FAIL: No results for 'Pool background with net and bubbles...'
  [251/510] Searching: Pool chemistry article thumbnail...
  [251/510] FAIL: No results for 'Pool chemistry article thumbnail...'
  [252/510] Searching: Pool chemistry blog post thumbnail...
  [252/510] FAIL: No results for 'Pool chemistry blog post thumbnail...'
  [253/510] Searching: Pool chemistry equipment...
  [253/510] FAIL: No results for 'Pool chemistry equipment...'
  [254/510] Searching: Pool chemistry equipment and water...
  [254/510] FAIL: No results for 'Pool chemistry equipment and water...'
  [255/510] Searching: Pool chemistry keeping thumbnail...
  [255/510] FAIL: No results for 'Pool chemistry keeping thumbnail...'
  [256/510] Searching: Pool chemistry kit...
  [256/510] FAIL: No results for 'Pool chemistry kit...'
  [257/510] Searching: Pool chemistry kit and water sample...
  [257/510] FAIL: No results for 'Pool chemistry kit and water sample...'
  [258/510] Searching: Pool chemistry kit by the pool...
  API error 403: Forbidden
  API error 403: Forbidden
  API error 403: Forbidden
  API error 403: Forbidden
  API error 403: Forbidden
  API error 403: Forbidden
  API error 403: Forbidden
  API error 403: Forbidden
  API error 403: Forbidden
  API error 403: Forbidden
  API error 403: Forbidden
  API error 403: Forbidden
  API error 403: Forbidden
  API error 403: Forbidden
  API error 403: Forbidden
  API error 403: Forbidden
  API error 403: Forbidden
  API error 403: Forbidden
  API error 403: Forbidden
  API error 403: Forbidden
  API error 403: Forbidden
  API error 403: Forbidden
  API error 403: Forbidden
  API error 403: Forbidden
  API error 403: Forbidden
  API error 403: Forbidden
  API error 403: Forbidden
  API error 403: Forbidden
  API error 403: Forbidden
  API error 403: Forbidden
  API error 403: Forbidden
  API error 403: Forbidden
  API error 403: Forbidden
  API error 403: Forbidden
  API error 403: Forbidden
  API error 403: Forbidden
  API error 403: Forbidden
  API error 403: Forbidden
  API error 403: Forbidden
  API error 403: Forbidden
  API error 403: Forbidden
  API error 403: Forbidden
  API error 403: Forbidden
  API error 403: Forbidden
  API error 403: Forbidden
  API error 403: Forbidden
  API error 403: Forbidden
  API error 403: Forbidden
  API error 403: Forbidden
  API error 403: Forbidden
  API error 403: Forbidden
  API error 403: Forbidden
  API error 403: Forbidden
  [258/510] FAIL: No results for 'Pool chemistry kit by the pool...'
  [259/510] Searching: Pool chemistry test kit...
  [259/510] FAIL: No results for 'Pool chemistry test kit...'
  [260/510] Searching: Pool chemistry test kit by the pool...
  [260/510] FAIL: No results for 'Pool chemistry test kit by the pool...'
  [261/510] Searching: Pool cleaner in blue overalls cleaning a pool with a pole, l...
  [261/510] FAIL: No results for 'Pool cleaner in blue overalls cleaning a...'
  [262/510] Searching: Pool cleaning brush on water surface...
  [262/510] FAIL: No results for 'Pool cleaning brush on water surface...'
  [263/510] Searching: Pool cleaning equipment and hoses beside a pool...
  [263/510] FAIL: No results for 'Pool cleaning equipment and hoses beside...'
  [264/510] Searching: Pool cleaning equipment and hoses by poolside...
  [264/510] FAIL: No results for 'Pool cleaning equipment and hoses by poo...'
  [265/510] Searching: Pool cleaning equipment and hoses by the pool...
  [265/510] FAIL: No results for 'Pool cleaning equipment and hoses by the...'
  [266/510] Searching: Pool cleaning equipment and hoses by the poolside...
  [266/510] FAIL: No results for 'Pool cleaning equipment and hoses by the...'
  [267/510] Searching: Pool cleaning equipment and hoses on pool deck...
  [267/510] FAIL: No results for 'Pool cleaning equipment and hoses on poo...'
  [268/510] Searching: Pool cleaning equipment arranged by a swimming pool, includi...
  [268/510] FAIL: No results for 'Pool cleaning equipment arranged by a sw...'
  [269/510] Searching: Pool cleaning equipment by a clear blue swimming pool...
  [269/510] FAIL: No results for 'Pool cleaning equipment by a clear blue ...'
  [270/510] Searching: Pool cleaning equipment by the poolside...
  [270/510] FAIL: No results for 'Pool cleaning equipment by the poolside...'
  [271/510] Searching: Pool cleaning equipment on poolside...
  [271/510] FAIL: No results for 'Pool cleaning equipment on poolside...'
  [272/510] Searching: Pool cleaning net on wooden deck by blue swimming pool...
  [272/510] FAIL: No results for 'Pool cleaning net on wooden deck by blue...'
  [273/510] Searching: Pool cleaning net underwater with blue water and bubbles...
  [273/510] FAIL: No results for 'Pool cleaning net underwater with blue w...'
  [274/510] Searching: Pool cleaning robot in a clear blue swimming pool...
  [274/510] FAIL: No results for 'Pool cleaning robot in a clear blue swim...'
  [275/510] Searching: Pool cleaning tool in blue swimming pool...
  [275/510] FAIL: No results for 'Pool cleaning tool in blue swimming pool...'
  [276/510] Searching: Pool cleaning tools including a net and brush on a wooden po...
  [276/510] FAIL: No results for 'Pool cleaning tools including a net and ...'
  [277/510] Searching: Pool cleaning vacuum and blue hose on poolside...
  [277/510] FAIL: No results for 'Pool cleaning vacuum and blue hose on po...'
  [278/510] Searching: Pool filter system with blue hose submerged in a swimming po...
  [278/510] FAIL: No results for 'Pool filter system with blue hose submer...'
  [279/510] Searching: Pool hose connected to a pump at the edge of a swimming pool...
  [279/510] FAIL: No results for 'Pool hose connected to a pump at the edg...'
  [280/510] Searching: Pool hose connected to a pump system at the edge of a swimmi...
  [280/510] FAIL: No results for 'Pool hose connected to a pump system at ...'
  [281/510] Searching: Pool hose connected to a pump, filling or draining a swimmin...
  [281/510] FAIL: No results for 'Pool hose connected to a pump, filling o...'
  [282/510] Searching: Pool inspection equipment in a clear blue swimming pool...
  [282/510] FAIL: No results for 'Pool inspection equipment in a clear blu...'
  [283/510] Searching: Pool inspection equipment in a pool...
  [283/510] FAIL: No results for 'Pool inspection equipment in a pool...'
  [284/510] Searching: Pool inspection equipment in a swimming pool...
  [284/510] FAIL: No results for 'Pool inspection equipment in a swimming ...'
  [285/510] Searching: Pool ladder and clear blue water...
  [285/510] FAIL: No results for 'Pool ladder and clear blue water...'
  [286/510] Searching: Pool ladder entering a clear blue pool...
  [286/510] FAIL: No results for 'Pool ladder entering a clear blue pool...'
  [287/510] Searching: Pool maintenance article thumbnail...
  [287/510] FAIL: No results for 'Pool maintenance article thumbnail...'
  [288/510] Searching: Pool maintenance blog post thumbnail...
  [288/510] FAIL: No results for 'Pool maintenance blog post thumbnail...'
  [289/510] Searching: Pool maintenance worker in blue overalls cleaning a pool wit...
  [289/510] FAIL: No results for 'Pool maintenance worker in blue overalls...'
  [290/510] Searching: Pool maintenance worker in blue overalls cleaning a pool wit...
  [290/510] FAIL: No results for 'Pool maintenance worker in blue overalls...'
  [291/510] Searching: Pool maintenance worker in red cap and overalls holding a po...
  [291/510] FAIL: No results for 'Pool maintenance worker in red cap and o...'
  [292/510] Searching: Pool maintenance worker in red cap and overalls holding a po...
  [292/510] FAIL: No results for 'Pool maintenance worker in red cap and o...'
  [293/510] Searching: Pool maintenance worker kneeling by a pool with toolboxes an...
  [293/510] FAIL: No results for 'Pool maintenance worker kneeling by a po...'
  [294/510] Searching: Pool net and water with floating bubbles...
  [294/510] FAIL: No results for 'Pool net and water with floating bubbles...'
  [295/510] Searching: Pool pump and cleaning equipment by the poolside...
  [295/510] FAIL: No results for 'Pool pump and cleaning equipment by the ...'
  [296/510] Searching: Pool pump and filter system beside a clear blue swimming poo...
  [296/510] FAIL: No results for 'Pool pump and filter system beside a cle...'
  [297/510] Searching: Pool skimmer in action removing debris from water...
  [297/510] FAIL: No results for 'Pool skimmer in action removing debris f...'
  [298/510] Searching: Pool skimmer net near stone wall and pool edge...
  [298/510] FAIL: No results for 'Pool skimmer net near stone wall and poo...'
  [299/510] Searching: Pool surface with net and floating bubbles...
  [299/510] FAIL: No results for 'Pool surface with net and floating bubbl...'
  [300/510] Searching: Pool technician cleaning a pool with a net...
  [300/510] FAIL: No results for 'Pool technician cleaning a pool with a n...'
  [301/510] Searching: Pool technician cleaning a pool with a net, lake in backgrou...
  [301/510] FAIL: No results for 'Pool technician cleaning a pool with a n...'
  [302/510] Searching: Pool technician cleaning a pool with a net, sunny outdoor se...
  [302/510] FAIL: No results for 'Pool technician cleaning a pool with a n...'
  [303/510] Searching: Pool technician cleaning pool water with net...
  [303/510] FAIL: No results for 'Pool technician cleaning pool water with...'
  [304/510] Searching: Pool technician cleaning pool with vacuum equipment...
  [304/510] FAIL: No results for 'Pool technician cleaning pool with vacuu...'
  [305/510] Searching: Pool technician kneeling by a pool, testing water with a kit...
  [305/510] FAIL: No results for 'Pool technician kneeling by a pool, test...'
  [306/510] Searching: Pool technician kneeling by a pool, testing water with a tes...
  [306/510] FAIL: No results for 'Pool technician kneeling by a pool, test...'
  [307/510] Searching: Pool technician setting up a robotic pool vacuum by the pool...
  [307/510] FAIL: No results for 'Pool technician setting up a robotic poo...'
  [308/510] Searching: Pool vacuum and blue hose on pool deck...
  [308/510] FAIL: No results for 'Pool vacuum and blue hose on pool deck...'
  [309/510] Searching: Pool vacuum and hose on poolside...
  [309/510] FAIL: No results for 'Pool vacuum and hose on poolside...'
  [310/510] Searching: Pool vacuum brush cleaning the tiled floor of a swimming poo...
  [310/510] FAIL: No results for 'Pool vacuum brush cleaning the tiled flo...'
  [311/510] Searching: Pool vacuum cleaner by poolside...
  [311/510] FAIL: No results for 'Pool vacuum cleaner by poolside...'
  API error 403: Forbidden
  API error 403: Forbidden
  API error 403: Forbidden
  API error 403: Forbidden
  API error 403: Forbidden
  API error 403: Forbidden
  API error 403: Forbidden
  API error 403: Forbidden
  API error 403: Forbidden
  API error 403: Forbidden
  API error 403: Forbidden
  API error 403: Forbidden
  API error 403: Forbidden
  API error 403: Forbidden
  API error 403: Forbidden
  API error 403: Forbidden
  API error 403: Forbidden
  API error 403: Forbidden
  API error 403: Forbidden
  API error 403: Forbidden
  API error 403: Forbidden
  API error 403: Forbidden
  API error 403: Forbidden
  API error 403: Forbidden
  API error 403: Forbidden
  API error 403: Forbidden
  API error 403: Forbidden
  API error 403: Forbidden
  API error 403: Forbidden
  API error 403: Forbidden
  API error 403: Forbidden
  API error 403: Forbidden
  API error 403: Forbidden
  API error 403: Forbidden
  API error 403: Forbidden
  API error 403: Forbidden
  API error 403: Forbidden
  API error 403: Forbidden
  API error 403: Forbidden
  API error 403: Forbidden
  API error 403: Forbidden
  API error 403: Forbidden
  API error 403: Forbidden
  API error 403: Forbidden
  API error 403: Forbidden
  API error 403: Forbidden
  API error 403: Forbidden
  API error 403: Forbidden
  API error 403: Forbidden
  API error 403: Forbidden
  API error 403: Forbidden
  API error 403: Forbidden
  API error 403: Forbidden
  API error 403: Forbidden
  API error 403: Forbidden
  API error 403: Forbidden
  API error 403: Forbidden
  [312/510] Searching: Pool vacuum cleaning a swimming pool...
  [312/510] FAIL: No results for 'Pool vacuum cleaning a swimming pool...'
  [313/510] Searching: Pool vacuum head cleaning the bottom of a swimming pool...
  [313/510] FAIL: No results for 'Pool vacuum head cleaning the bottom of ...'
  [314/510] Searching: Pool vacuum head cleaning tile surface...
  [314/510] FAIL: No results for 'Pool vacuum head cleaning tile surface...'
  [315/510] Searching: Pool vacuum hose connected to filter at poolside...
  [315/510] FAIL: No results for 'Pool vacuum hose connected to filter at ...'
  [316/510] Searching: Pool vacuum in blue water during inspection...
  [316/510] FAIL: No results for 'Pool vacuum in blue water during inspect...'
  [317/510] Searching: Pool water background with a pool net and floating bubbles...
  [317/510] FAIL: No results for 'Pool water background with a pool net an...'
  [318/510] Searching: Pool water background with bubbles and a pool net...
  [318/510] FAIL: No results for 'Pool water background with bubbles and a...'
  [319/510] Searching: Pool water background with bubbles and pool edge...
  [319/510] FAIL: No results for 'Pool water background with bubbles and p...'
  [320/510] Searching: Pool water background with bubbles and pool net...
  [320/510] FAIL: No results for 'Pool water background with bubbles and p...'
  [321/510] Searching: Pool water background with net and bubbles...
  [321/510] FAIL: No results for 'Pool water background with net and bubbl...'
  [322/510] Searching: Pool water with a pool net and floating bubbles...
  [322/510] FAIL: No results for 'Pool water with a pool net and floating ...'
  [323/510] Searching: Pool water with bubbles and pool edge...
  [323/510] FAIL: No results for 'Pool water with bubbles and pool edge...'
  [324/510] Searching: Pool wave icon...
  [324/510] FAIL: No results for 'Pool wave icon...'
  [325/510] Searching: Pool with blue lighting at night...
  [325/510] FAIL: No results for 'Pool with blue lighting at night...'
  [326/510] Searching: Poolax company logo...
  [326/510] FAIL: No results for 'Poolax company logo...'
  [327/510] Searching: Poolax company logo with stylized pool elements...
  [327/510] FAIL: No results for 'Poolax company logo with stylized pool e...'
  [328/510] Searching: Poolax logo...
  [328/510] FAIL: No results for 'Poolax logo...'
  [329/510] Searching: Poolax logo icon...
  [329/510] FAIL: No results for 'Poolax logo icon...'
  [330/510] Searching: Poolax logo with pool elements...
  [330/510] FAIL: No results for 'Poolax logo with pool elements...'
  [331/510] Searching: Poolax logo with swimming pool graphic in the double 'o'...
  [331/510] FAIL: No results for 'Poolax logo with swimming pool graphic i...'
  [332/510] Searching: Poolax user avatar...
  [332/510] FAIL: No results for 'Poolax user avatar...'
  [333/510] Searching: Portrait of Alex M...
  [333/510] FAIL: No results for 'Portrait of Alex M...'
  [334/510] Searching: Portrait of Alex Michel...
  [334/510] FAIL: No results for 'Portrait of Alex Michel...'
  [335/510] Searching: Portrait of Alex Michel in office...
  [335/510] FAIL: No results for 'Portrait of Alex Michel in office...'
  [336/510] Searching: Portrait of Alex Michel, UI/UX Designer...
  [336/510] FAIL: No results for 'Portrait of Alex Michel, UI/UX Designer...'
  [337/510] Searching: Portrait of Anjelina Eva...
  [337/510] FAIL: No results for 'Portrait of Anjelina Eva...'
  [338/510] Searching: Portrait of Charlie William, Pool Technicia, arms crossed, i...
  [338/510] FAIL: No results for 'Portrait of Charlie William, Pool Techni...'
  [339/510] Searching: Portrait of Charlie William, Pool Technician...
  [339/510] FAIL: No results for 'Portrait of Charlie William, Pool Techni...'
  [340/510] Searching: Portrait of Charlie William, Pool Technician, in blue unifor...
  [340/510] FAIL: No results for 'Portrait of Charlie William, Pool Techni...'
  [341/510] Searching: Portrait of Charlie William, a pool technician, smiling and ...
  [341/510] FAIL: No results for 'Portrait of Charlie William, a pool tech...'
  [342/510] Searching: Portrait of Charlie William, pool technician, arms crossed, ...
  [342/510] FAIL: No results for 'Portrait of Charlie William, pool techni...'
  [343/510] Searching: Portrait of D..., Pool Technician...
  [343/510] FAIL: No results for 'Portrait of D..., Pool Technician...'
  [344/510] Searching: Portrait of Daniel Thomas, Pool Technicia, holding tablet, i...
  [344/510] FAIL: No results for 'Portrait of Daniel Thomas, Pool Technici...'
  [345/510] Searching: Portrait of Daniel Thomas, Pool Technician, in cap and white...
  [345/510] FAIL: No results for 'Portrait of Daniel Thomas, Pool Technici...'
  [346/510] Searching: Portrait of Daniel Thomas, pool technician, holding tablet, ...
  [346/510] FAIL: No results for 'Portrait of Daniel Thomas, pool technici...'
  [347/510] Searching: Portrait of Dianne Russell...
  [347/510] FAIL: No results for 'Portrait of Dianne Russell...'
  [348/510] Searching: Portrait of Dionne Russell...
  [348/510] FAIL: No results for 'Portrait of Dionne Russell...'
  [349/510] Searching: Portrait of Emanuel Maclin, Pool Technicia, arms crossed, in...
  [349/510] FAIL: No results for 'Portrait of Emanuel Maclin, Pool Technic...'
  [350/510] Searching: Portrait of Emanuel Maclin, Pool Technician...
  [350/510] FAIL: No results for 'Portrait of Emanuel Maclin, Pool Technic...'
  [351/510] Searching: Portrait of Emanuel Maclin, Pool Technician, smiling in unif...
  [351/510] FAIL: No results for 'Portrait of Emanuel Maclin, Pool Technic...'
  [352/510] Searching: Portrait of Emanuel Maclin, pool technician, arms crossed, w...
  [352/510] FAIL: No results for 'Portrait of Emanuel Maclin, pool technic...'
  [353/510] Searching: Portrait of Jonson Anderson, Pool Technicia, smiling, in blu...
  [353/510] FAIL: No results for 'Portrait of Jonson Anderson, Pool Techni...'
  [354/510] Searching: Portrait of Jonson Anderson, Pool Technician...
  [354/510] FAIL: No results for 'Portrait of Jonson Anderson, Pool Techni...'
  [355/510] Searching: Portrait of Jonson Anderson, Pool Technician, smiling in uni...
  [355/510] FAIL: No results for 'Portrait of Jonson Anderson, Pool Techni...'
  [356/510] Searching: Portrait of Jonson Anderson, a pool technician, smiling and ...
  [356/510] FAIL: No results for 'Portrait of Jonson Anderson, a pool tech...'
  [357/510] Searching: Portrait of Jonson Anderson, pool technician, smiling, weari...
  [357/510] FAIL: No results for 'Portrait of Jonson Anderson, pool techni...'
  [358/510] Searching: Portrait of Jonson Charles...
  [358/510] FAIL: No results for 'Portrait of Jonson Charles...'
  [359/510] Searching: Portrait of Maclin, a pool technician, smiling and wearing a...
  [359/510] FAIL: No results for 'Portrait of Maclin, a pool technician, s...'
  [360/510] Searching: Portrait of Marvin McKinney...
  [360/510] FAIL: No results for 'Portrait of Marvin McKinney...'
  [361/510] Searching: Portrait of Marvin McKinney, Founder...
  [361/510] FAIL: No results for 'Portrait of Marvin McKinney, Founder...'
  [362/510] Searching: Portrait of Sherri Cronin, Dynamic Program Designer...
  [362/510] FAIL: No results for 'Portrait of Sherri Cronin, Dynamic Progr...'
  [363/510] Searching: Portrait of Wade Warren...
  [363/510] FAIL: No results for 'Portrait of Wade Warren...'
  [364/510] Searching: Portrait of Woge Warren...
  [364/510] FAIL: No results for 'Portrait of Woge Warren...'
  [365/510] Searching: Portrait of a man with glasses and curly hair...
  [365/510] FAIL: No results for 'Portrait of a man with glasses and curly...'
  [366/510] Searching: Portrait of a man with mustache...
  [366/510] FAIL: No results for 'Portrait of a man with mustache...'
  [367/510] Searching: Portrait of a man with short blond hair...
  [367/510] FAIL: No results for 'Portrait of a man with short blond hair...'
  [368/510] Searching: Portrait of a person in a blue cap, centered, with rounded t...
  [368/510] FAIL: No results for 'Portrait of a person in a blue cap, cent...'
  API error 403: Forbidden
  API error 403: Forbidden
  API error 403: Forbidden
  API error 403: Forbidden
  API error 403: Forbidden
  API error 403: Forbidden
  API error 403: Forbidden
  API error 403: Forbidden
  API error 403: Forbidden
  API error 403: Forbidden
  API error 403: Forbidden
  API error 403: Forbidden
  API error 403: Forbidden
  API error 403: Forbidden
  API error 403: Forbidden
  API error 403: Forbidden
  API error 403: Forbidden
  API error 403: Forbidden
  API error 403: Forbidden
  API error 403: Forbidden
  API error 403: Forbidden
  API error 403: Forbidden
  API error 403: Forbidden
  API error 403: Forbidden
  API error 403: Forbidden
  API error 403: Forbidden
  API error 403: Forbidden
  API error 403: Forbidden
  API error 403: Forbidden
  API error 403: Forbidden
  API error 403: Forbidden
  API error 403: Forbidden
  API error 403: Forbidden
  API error 403: Forbidden
  API error 403: Forbidden
  API error 403: Forbidden
  API error 403: Forbidden
  API error 403: Forbidden
  API error 403: Forbidden
  API error 403: Forbidden
  API error 403: Forbidden
  API error 403: Forbidden
  API error 403: Forbidden
  API error 403: Forbidden
  API error 403: Forbidden
  API error 403: Forbidden
  API error 403: Forbidden
  API error 403: Forbidden
  API error 403: Forbidden
  API error 403: Forbidden
  API error 403: Forbidden
  API error 403: Forbidden
  API error 403: Forbidden
  API error 403: Forbidden
  API error 403: Forbidden
  API error 403: Forbidden
  API error 403: Forbidden
  [369/510] Searching: Portrait of a person in a blue shirt, left edge, with rounde...
  [369/510] FAIL: No results for 'Portrait of a person in a blue shirt, le...'
  [370/510] Searching: Portrait of a person in a blue shirt, right edge, with round...
  [370/510] FAIL: No results for 'Portrait of a person in a blue shirt, ri...'
  [371/510] Searching: Portrait of a person in a dark cap, centered, with rounded t...
  [371/510] FAIL: No results for 'Portrait of a person in a dark cap, cent...'
  [372/510] Searching: Previous post thumbnail...
  [372/510] FAIL: No results for 'Previous post thumbnail...'
  [373/510] Searching: Professional swimmer holding a baby in a pool...
  [373/510] FAIL: No results for 'Professional swimmer holding a baby in a...'
  [374/510] Searching: Projector screen...
  [374/510] FAIL: No results for 'Projector screen...'
  [375/510] Searching: Reviewer 1 avatar...
  [375/510] FAIL: No results for 'Reviewer 1 avatar...'
  [376/510] Searching: Reviewer 2 avatar...
  [376/510] FAIL: No results for 'Reviewer 2 avatar...'
  [377/510] Searching: Reviewer 3 avatar...
  [377/510] FAIL: No results for 'Reviewer 3 avatar...'
  [378/510] Searching: Reviewer 4 avatar...
  [378/510] FAIL: No results for 'Reviewer 4 avatar...'
  [379/510] Searching: Reviewer avatar 1...
  [379/510] FAIL: No results for 'Reviewer avatar 1...'
  [380/510] Searching: Reviewer avatar 2...
  [380/510] FAIL: No results for 'Reviewer avatar 2...'
  [381/510] Searching: Reviewer avatar 3...
  [381/510] FAIL: No results for 'Reviewer avatar 3...'
  [382/510] Searching: Reviewer avatar 4...
  [382/510] FAIL: No results for 'Reviewer avatar 4...'
  [383/510] Searching: Right side photo with pool scene...
  [383/510] FAIL: No results for 'Right side photo with pool scene...'
  [384/510] Searching: Robotic pool cleaner in a swimming pool...
  [384/510] FAIL: No results for 'Robotic pool cleaner in a swimming pool...'
  [385/510] Searching: Robotic pool cleaner on a pool surface with greenery in the ...
  [385/510] FAIL: No results for 'Robotic pool cleaner on a pool surface w...'
  [386/510] Searching: Robotic pool cleaner on a pool surface, cropped...
  [386/510] FAIL: No results for 'Robotic pool cleaner on a pool surface, ...'
  [387/510] Searching: Science of the Pool Chemistry Keeping...
  [387/510] FAIL: No results for 'Science of the Pool Chemistry Keeping...'
  [388/510] Searching: Science of the Pool Chemistry Keeping post image...
  [388/510] FAIL: No results for 'Science of the Pool Chemistry Keeping po...'
  [389/510] Searching: Science of the Pool Chemistry Keeping post thumbnail...
  [389/510] FAIL: No results for 'Science of the Pool Chemistry Keeping po...'
  [390/510] Searching: Science of the Pool Chemistry Keeping thumbnail...
  [390/510] FAIL: No results for 'Science of the Pool Chemistry Keeping th...'
  [391/510] Searching: Serious male worker in blue uniform and cap, holding clipboa...
  [391/510] FAIL: No results for 'Serious male worker in blue uniform and ...'
  [392/510] Searching: Shelf...
  [392/510] FAIL: No results for 'Shelf...'
  [393/510] Searching: Signature of Marvin McKinney...
  [393/510] FAIL: No results for 'Signature of Marvin McKinney...'
  [394/510] Searching: Small art...
  [394/510] FAIL: No results for 'Small art...'
  [395/510] Searching: Smiling cleaning staff in uniform with gloves, holding clean...
  [395/510] FAIL: No results for 'Smiling cleaning staff in uniform with g...'
  [396/510] Searching: Smiling female pool technician in uniform holding a pool bru...
  [396/510] FAIL: No results for 'Smiling female pool technician in unifor...'
  [397/510] Searching: Smiling female pool technician in white shirt and cap...
  [397/510] FAIL: No results for 'Smiling female pool technician in white ...'
  [398/510] Searching: Smiling male cleaner in blue overalls and yellow gloves hold...
  [398/510] FAIL: No results for 'Smiling male cleaner in blue overalls an...'
  [399/510] Searching: Smiling male pool technician in blue apron and yellow gloves...
  [399/510] FAIL: No results for 'Smiling male pool technician in blue apr...'
  [400/510] Searching: Smiling male pool technician in blue uniform and cap...
  [400/510] FAIL: No results for 'Smiling male pool technician in blue uni...'
  [401/510] Searching: Smiling male pool technician in glasses and polo shirt...
  [401/510] FAIL: No results for 'Smiling male pool technician in glasses ...'
  [402/510] Searching: Smiling male pool technician in white shirt and cap holding ...
  [402/510] FAIL: No results for 'Smiling male pool technician in white sh...'
  [403/510] Searching: Smiling male worker in blue uniform and cap, standing indoor...
  [403/510] FAIL: No results for 'Smiling male worker in blue uniform and ...'
  [404/510] Searching: Smiling male worker in white uniform and cap, giving thumbs ...
  [404/510] FAIL: No results for 'Smiling male worker in white uniform and...'
  [405/510] Searching: Smiling man in a striped shirt holding an orange lifebuoy in...
  [405/510] FAIL: No results for 'Smiling man in a striped shirt holding a...'
  [406/510] Searching: Smiling person with glasses...
  [406/510] FAIL: No results for 'Smiling person with glasses...'
  [407/510] Searching: Smiling pool cleaner holding a bucket and brush, wearing glo...
  [407/510] FAIL: No results for 'Smiling pool cleaner holding a bucket an...'
  [408/510] Searching: Smiling pool cleaner in blue shirt cleaning a luxury pool wi...
  [408/510] FAIL: No results for 'Smiling pool cleaner in blue shirt clean...'
  [409/510] Searching: Smiling pool cleaner in blue shirt cleaning a luxury pool wi...
  [409/510] FAIL: No results for 'Smiling pool cleaner in blue shirt clean...'
  [410/510] Searching: Smiling pool cleaner using a pool net by a luxury pool with ...
  [410/510] FAIL: No results for 'Smiling pool cleaner using a pool net by...'
  [411/510] Searching: Smiling pool maintenance worker holding a brush and bucket...
  [411/510] FAIL: No results for 'Smiling pool maintenance worker holding ...'
  [412/510] Searching: Smiling pool technician giving thumbs up, wearing a cap and ...
  [412/510] FAIL: No results for 'Smiling pool technician giving thumbs up...'
  [413/510] Searching: Smiling pool technician with cleaning supplies...
  [413/510] FAIL: No results for 'Smiling pool technician with cleaning su...'
  [414/510] Searching: Smiling woman in cleaning uniform holding pool cleaning supp...
  [414/510] FAIL: No results for 'Smiling woman in cleaning uniform holdin...'
  [415/510] Searching: Smiling woman in cleaning uniform holding pool maintenance s...
  [415/510] FAIL: No results for 'Smiling woman in cleaning uniform holdin...'
  [416/510] Searching: Smiling woman in yellow shirt and blue apron with gloves, re...
  [416/510] FAIL: No results for 'Smiling woman in yellow shirt and blue a...'
  [417/510] Searching: Smiling young male pool technician in white shirt and cap ho...
  [417/510] FAIL: No results for 'Smiling young male pool technician in wh...'
  [418/510] Searching: Smiling young man in a cap and lanyard standing in a modern ...
  [418/510] FAIL: No results for 'Smiling young man in a cap and lanyard s...'
  [419/510] Searching: Stainless steel pool ladder entering clear blue water...
  [419/510] FAIL: No results for 'Stainless steel pool ladder entering cle...'
  [420/510] Searching: Subtle pool water pattern background...
  [420/510] FAIL: No results for 'Subtle pool water pattern background...'
  [421/510] Searching: Swimmer diving into a pool...
  [421/510] FAIL: No results for 'Swimmer diving into a pool...'
  [422/510] Searching: Swimming coach crouching by the poolside with stopwatch...
  [422/510] FAIL: No results for 'Swimming coach crouching by the poolside...'
  [423/510] Searching: Swimming instructor teaching two children in a pool...
  [423/510] FAIL: No results for 'Swimming instructor teaching two childre...'
  [424/510] Searching: Swimming pool Dustpan product image...
  [424/510] FAIL: No results for 'Swimming pool Dustpan product image...'
  [425/510] Searching: Swimming pool area with blue water...
  API error 403: Forbidden
  API error 403: Forbidden
  API error 403: Forbidden
  API error 403: Forbidden
  API error 403: Forbidden
  API error 403: Forbidden
  API error 403: Forbidden
  API error 403: Forbidden
  API error 403: Forbidden
  API error 403: Forbidden
  API error 403: Forbidden
  API error 403: Forbidden
  API error 403: Forbidden
  API error 403: Forbidden
  API error 403: Forbidden
  API error 403: Forbidden
  API error 403: Forbidden
  API error 403: Forbidden
  API error 403: Forbidden
  API error 403: Forbidden
  API error 403: Forbidden
  API error 403: Forbidden
  API error 403: Forbidden
  API error 403: Forbidden
  API error 403: Forbidden
  API error 403: Forbidden
  API error 403: Forbidden
  API error 403: Forbidden
  API error 403: Forbidden
  API error 403: Forbidden
  API error 403: Forbidden
  API error 403: Forbidden
  API error 403: Forbidden
  API error 403: Forbidden
  API error 403: Forbidden
  API error 403: Forbidden
  API error 403: Forbidden
  API error 403: Forbidden
  API error 403: Forbidden
  API error 403: Forbidden
  API error 403: Forbidden
  API error 403: Forbidden
  API error 403: Forbidden
  API error 403: Forbidden
  API error 403: Forbidden
  API error 403: Forbidden
  API error 403: Forbidden
  API error 403: Forbidden
  API error 403: Forbidden
  API error 403: Forbidden
  API error 403: Forbidden
  API error 403: Forbidden
  API error 403: Forbidden
  API error 403: Forbidden
  API error 403: Forbidden
  [425/510] FAIL: No results for 'Swimming pool area with blue water...'
  [426/510] Searching: Swimming pool area with clear blue water...
  [426/510] FAIL: No results for 'Swimming pool area with clear blue water...'
  [427/510] Searching: Swimming pool at sunset...
  [427/510] FAIL: No results for 'Swimming pool at sunset...'
  [428/510] Searching: Swimming pool background with bubbles and ladder...
  [428/510] FAIL: No results for 'Swimming pool background with bubbles an...'
  [429/510] Searching: Swimming pool background with pool net and bubbles...
  [429/510] FAIL: No results for 'Swimming pool background with pool net a...'
  [430/510] Searching: Swimming pool background with rounded edge...
  [430/510] FAIL: No results for 'Swimming pool background with rounded ed...'
  [431/510] Searching: Swimming pool edge on the right...
  [431/510] FAIL: No results for 'Swimming pool edge on the right...'
  [432/510] Searching: Swimming pool edge with pool cleaning equipment and blue wat...
  [432/510] FAIL: No results for 'Swimming pool edge with pool cleaning eq...'
  [433/510] Searching: Swimming pool filtration equipment closeup beside pool edge...
  [433/510] FAIL: No results for 'Swimming pool filtration equipment close...'
  [434/510] Searching: Swimming pool icon with water and ladders...
  [434/510] FAIL: No results for 'Swimming pool icon with water and ladder...'
  [435/510] Searching: Swimming pool vacuum hose connected and submerged in pool wa...
  [435/510] FAIL: No results for 'Swimming pool vacuum hose connected and ...'
  [436/510] Searching: Swimming pool with clear water and steps...
  [436/510] FAIL: No results for 'Swimming pool with clear water and steps...'
  [437/510] Searching: Swimming pool with ladder and poolside background...
  [437/510] FAIL: No results for 'Swimming pool with ladder and poolside b...'
  [438/510] Searching: Synchrony Engineers company logo in grayscale...
  [438/510] FAIL: No results for 'Synchrony Engineers company logo in gray...'
  [439/510] Searching: Synchrony Engineers logo in grayscale...
  [439/510] FAIL: No results for 'Synchrony Engineers logo in grayscale...'
  [440/510] Searching: Technician checking pool water...
  [440/510] FAIL: No results for 'Technician checking pool water...'
  [441/510] Searching: Technician cleaning a pool filter with vacuum...
  [441/510] FAIL: No results for 'Technician cleaning a pool filter with v...'
  [442/510] Searching: Technician cleaning a pool with a vacuum machine...
  [442/510] FAIL: No results for 'Technician cleaning a pool with a vacuum...'
  [443/510] Searching: Technician cleaning pool tiles and surface...
  [443/510] FAIL: No results for 'Technician cleaning pool tiles and surfa...'
  [444/510] Searching: Technician cleaning pool with net and equipment...
  [444/510] FAIL: No results for 'Technician cleaning pool with net and eq...'
  [445/510] Searching: Technician cleaning pool with net skimmer...
  [445/510] FAIL: No results for 'Technician cleaning pool with net skimme...'
  [446/510] Searching: Technician cleaning pool with skimmer...
  [446/510] FAIL: No results for 'Technician cleaning pool with skimmer...'
  [447/510] Searching: Technician cleaning pool with vacuum...
  [447/510] FAIL: No results for 'Technician cleaning pool with vacuum...'
  [448/510] Searching: Technician cleaning pool with vacuum equipment...
  [448/510] FAIL: No results for 'Technician cleaning pool with vacuum equ...'
  [449/510] Searching: Technician in blue cap servicing pool equipment beside blue ...
  [449/510] FAIL: No results for 'Technician in blue cap servicing pool eq...'
  [450/510] Searching: Technician in protective suit cleaning pool tiles with a pre...
  [450/510] FAIL: No results for 'Technician in protective suit cleaning p...'
  [451/510] Searching: Technician in red cap and gloves checking water quality and ...
  [451/510] FAIL: No results for 'Technician in red cap and gloves checkin...'
  [452/510] Searching: Technician in red cap and gloves checking water quality in a...
  [452/510] FAIL: No results for 'Technician in red cap and gloves checkin...'
  [453/510] Searching: Technician in red cap installing pool equipment...
  [453/510] FAIL: No results for 'Technician in red cap installing pool eq...'
  [454/510] Searching: Technician in red uniform brushing pool edge...
  [454/510] FAIL: No results for 'Technician in red uniform brushing pool ...'
  [455/510] Searching: Technician in red uniform installing pool equipment near a p...
  [455/510] FAIL: No results for 'Technician in red uniform installing poo...'
  [456/510] Searching: Technician installing pool equipment...
  [456/510] FAIL: No results for 'Technician installing pool equipment...'
  [457/510] Searching: Technician installing pool equipment beside a pool...
  [457/510] FAIL: No results for 'Technician installing pool equipment bes...'
  [458/510] Searching: Technician lowering a yellow robotic pool cleaner into a poo...
  [458/510] FAIL: No results for 'Technician lowering a yellow robotic poo...'
  [459/510] Searching: Technician skimming debris from pool surface...
  [459/510] FAIL: No results for 'Technician skimming debris from pool sur...'
  [460/510] Searching: Technician skimming pool surface with net...
  [460/510] FAIL: No results for 'Technician skimming pool surface with ne...'
  [461/510] Searching: Technician testing pool water with a kit...
  [461/510] FAIL: No results for 'Technician testing pool water with a kit...'
  [462/510] Searching: Technician testing pool water with kit...
  [462/510] FAIL: No results for 'Technician testing pool water with kit...'
  [463/510] Searching: Technician using a pool skimmer to clean debris from pool su...
  [463/510] FAIL: No results for 'Technician using a pool skimmer to clean...'
  [464/510] Searching: Technician using a pool skimmer to clean pool surface...
  [464/510] FAIL: No results for 'Technician using a pool skimmer to clean...'
  [465/510] Searching: Technician using a skimmer net to clean pool surface...
  [465/510] FAIL: No results for 'Technician using a skimmer net to clean ...'
  [466/510] Searching: Technician using a yellow robotic pool cleaner at the edge o...
  [466/510] FAIL: No results for 'Technician using a yellow robotic pool c...'
  [467/510] Searching: Technician using pool cleaning equipment by the poolside...
  [467/510] FAIL: No results for 'Technician using pool cleaning equipment...'
  [468/510] Searching: Technician using pool cleaning equipment in a swimming pool...
  [468/510] FAIL: No results for 'Technician using pool cleaning equipment...'
  [469/510] Searching: Technician using skimmer net to clean pool surface...
  [469/510] FAIL: No results for 'Technician using skimmer net to clean po...'
  [470/510] Searching: Technician with red cap and gloves working outdoors on equip...
  [470/510] FAIL: No results for 'Technician with red cap and gloves worki...'
  [471/510] Searching: Technician working by a pool with toolboxes and a drill on a...
  [471/510] FAIL: No results for 'Technician working by a pool with toolbo...'
  [472/510] Searching: Testimonial user 1...
  [472/510] FAIL: No results for 'Testimonial user 1...'
  [473/510] Searching: Testimonial user 2...
  [473/510] FAIL: No results for 'Testimonial user 2...'
  [474/510] Searching: Testimonial user 3...
  [474/510] FAIL: No results for 'Testimonial user 3...'
  [475/510] Searching: Testing pool water chemistry...
  [475/510] FAIL: No results for 'Testing pool water chemistry...'
  [476/510] Searching: Testing pool water with a test kit...
  [476/510] FAIL: No results for 'Testing pool water with a test kit...'
  [477/510] Searching: Three children in a swimming pool holding kickboards and smi...
  [477/510] FAIL: No results for 'Three children in a swimming pool holdin...'
  [478/510] Searching: Thumbnail for How to Revamp Your Pool Area...
  [478/510] FAIL: No results for 'Thumbnail for How to Revamp Your Pool Ar...'
  [479/510] Searching: Thumbnail for Science of the Pool Chemistry Keeping...
  [479/510] FAIL: No results for 'Thumbnail for Science of the Pool Chemis...'
  [480/510] Searching: Thumbnail for next post...
  API error 403: Forbidden
  API error 403: Forbidden
  API error 403: Forbidden
  API error 403: Forbidden
  API error 403: Forbidden
  API error 403: Forbidden
  API error 403: Forbidden
  API error 403: Forbidden
  API error 403: Forbidden
  API error 403: Forbidden
  API error 403: Forbidden
  API error 403: Forbidden
  API error 403: Forbidden
  API error 403: Forbidden
  API error 403: Forbidden
  API error 403: Forbidden
  API error 403: Forbidden
  API error 403: Forbidden
  API error 403: Forbidden
  API error 403: Forbidden
  API error 403: Forbidden
  API error 403: Forbidden
  API error 403: Forbidden
  API error 403: Forbidden
  API error 403: Forbidden
  API error 403: Forbidden
  API error 403: Forbidden
  API error 403: Forbidden
  API error 403: Forbidden
  API error 403: Forbidden
  [480/510] FAIL: No results for 'Thumbnail for next post...'
  [481/510] Searching: Thumbnail for previous post...
  [481/510] FAIL: No results for 'Thumbnail for previous post...'
  [482/510] Searching: Thumbnail of next post...
  [482/510] FAIL: No results for 'Thumbnail of next post...'
  [483/510] Searching: Thumbnail of previous post...
  [483/510] FAIL: No results for 'Thumbnail of previous post...'
  [484/510] Searching: Top view of a pool with cleaning equipment...
  [484/510] FAIL: No results for 'Top view of a pool with cleaning equipme...'
  [485/510] Searching: Two kids playing and running near a swimming pool on a sunny...
  [485/510] FAIL: No results for 'Two kids playing and running near a swim...'
  [486/510] Searching: Two people collaborating in a library, looking at a laptop...
  [486/510] FAIL: No results for 'Two people collaborating in a library, l...'
  [487/510] Searching: Two people inspecting a pool, partially visible, with a blue...
  [487/510] FAIL: No results for 'Two people inspecting a pool, partially ...'
  [488/510] Searching: Two people posing for a video call...
  [488/510] FAIL: No results for 'Two people posing for a video call...'
  [489/510] Searching: Two people sitting and talking, one with a laptop...
  [489/510] FAIL: No results for 'Two people sitting and talking, one with...'
  [490/510] Searching: Two people working on a pool, partially visible, with a blue...
  [490/510] FAIL: No results for 'Two people working on a pool, partially ...'
  [491/510] Searching: VIP customer avatar 1...
  [491/510] FAIL: No results for 'VIP customer avatar 1...'
  [492/510] Searching: VIP customer avatar 2...
  [492/510] FAIL: No results for 'VIP customer avatar 2...'
  [493/510] Searching: VIP customer avatar 3...
  [493/510] FAIL: No results for 'VIP customer avatar 3...'
  [494/510] Searching: VIP customer avatar 4...
  [494/510] FAIL: No results for 'VIP customer avatar 4...'
  [495/510] Searching: VIP customer avatar 5...
  [495/510] FAIL: No results for 'VIP customer avatar 5...'
  [496/510] Searching: Vacuum cleaner Hose Nilfisk product image...
  [496/510] FAIL: No results for 'Vacuum cleaner Hose Nilfisk product imag...'
  [497/510] Searching: Variant company logo in grayscale...
  [497/510] FAIL: No results for 'Variant company logo in grayscale...'
  [498/510] Searching: Variant logo in grayscale...
  [498/510] FAIL: No results for 'Variant logo in grayscale...'
  [499/510] Searching: Water analysis icon: magnifying glass over water drop...
  [499/510] FAIL: No results for 'Water analysis icon: magnifying glass ov...'
  [500/510] Searching: Winterize home swimming thumbnail...
  [500/510] FAIL: No results for 'Winterize home swimming thumbnail...'
  [501/510] Searching: Worker in black pants using pool vacuum equipment by the poo...
  [501/510] FAIL: No results for 'Worker in black pants using pool vacuum ...'
  [502/510] Searching: Worker in green pants cleaning a pool with a water hose...
  [502/510] FAIL: No results for 'Worker in green pants cleaning a pool wi...'
  [503/510] Searching: Worker in orange shirt cleaning a pool with a net, surrounde...
  [503/510] FAIL: No results for 'Worker in orange shirt cleaning a pool w...'
  [504/510] Searching: Young child smiling and learning to swim in a pool with a ki...
  [504/510] FAIL: No results for 'Young child smiling and learning to swim...'
  [505/510] Searching: Young child swimming in a pool with a kickboard, smiling and...
  [505/510] FAIL: No results for 'Young child swimming in a pool with a ki...'
  [506/510] Searching: Young girl swimming in a pool, splashing water with goggles ...
  [506/510] FAIL: No results for 'Young girl swimming in a pool, splashing...'
  [507/510] Searching: Young male pool technician in blue uniform and cap holding c...
  [507/510] FAIL: No results for 'Young male pool technician in blue unifo...'
  [508/510] Searching: Young male pool technician in green shirt and orange gloves...
  [508/510] FAIL: No results for 'Young male pool technician in green shir...'
  [509/510] Searching: Young man in a blue shirt standing outdoors with greenery in...
  [509/510] FAIL: No results for 'Young man in a blue shirt standing outdo...'
  [510/510] Searching: Young professional with headphones sitting at a desk...
  [510/510] FAIL: No results for 'Young professional with headphones sitti...'

  ATTRIBUTION.md updated with 42 entries

Summary: 42 downloaded, 87 skipped, 381 failed (of 510 total)
